<?xml version="1.0" encoding="UTF-8"?>
<testsuite xmlns:xsi="http://www.w3.org/2001/XMLSchema-instance" xsi:noNamespaceSchemaLocation="https://maven.apache.org/surefire/maven-surefire-plugin/xsd/surefire-test-report.xsd" name="com.testing.TestFile" time="140.448" tests="5" errors="0" skipped="0" failures="2">
  <properties>
[...]
</properties>
  <testcase name="ReadUnread" classname="com.testing.TestFile" time="7.495"/>
  <testcase name="login" classname="com.testing.TestFile" time="2.264"/>
  <testcase name="login2" classname="com.testing.TestFile" time="5.455"/>
  <testcase name="mail" classname="com.testing.TestFile" time="25.578">
    <failure message="java.net.SocketTimeoutException: Read timed out&#10;Build info: version: &apos;3.9.0&apos;, revision: &apos;698b3178f0&apos;, time: &apos;2018-02-05T14:26:55.441Z&apos;&#10;System info: host: &apos;DESKTOP-911GN6F&apos;, ip: &apos;192.168.56.1&apos;, os.name: &apos;Windows 10&apos;, os.arch: &apos;x86&apos;, os.version: &apos;10.0&apos;, java.version: &apos;1.8.0_271&apos;&#10;Driver info: driver.version: RemoteWebDriver" type="org.openqa.selenium.WebDriverException">org.openqa.selenium.WebDriverException: 
java.net.SocketTimeoutException: Read timed out
Build info: version: '3.9.0', revision: '698b3178f0', time: '2018-02-05T14:26:55.441Z'
System info: host: 'DESKTOP-911GN6F', ip: '192.168.56.1', os.name: 'Windows 10', os.arch: 'x86', os.version: '10.0', java.version: '1.8.0_271'
Driver info: driver.version: RemoteWebDriver
	at com.testing.TestFile.mail(TestFile.java:42)
Caused by: java.net.SocketTimeoutException: Read timed out
	at com.testing.TestFile.mail(TestFile.java:42)
</failure>
    <system-out><![CDATA[3
Krishna
]]></system-out>
    <system-err><![CDATA[Jan 12, 2021 4:22:12 PM org.openqa.selenium.remote.DesiredCapabilities chrome
INFO: Using `new ChromeOptions()` is preferred to `DesiredCapabilities.chrome()`
Starting ChromeDriver 86.0.4240.22 (398b0743353ff36fb1b82468f63a3a93b4e2e89e-refs/branch-heads/4240@{#378}) on port 19317
Only local connections are allowed.
Please see https://chromedriver.chromium.org/security-considerations for suggestions on keeping ChromeDriver safe.
ChromeDriver was started successfully.
[1610486533.128][WARNING]: This version of ChromeDriver has not been tested with Chrome version 87.
Jan 12, 2021 4:22:15 PM org.openqa.selenium.remote.ProtocolHandshake createSession
INFO: Detected dialect: W3C
]]></system-err>
  </testcase>
  <testcase name="trashMail" classname="com.testing.TestFile" time="22.27">
    <failure message="java.net.SocketTimeoutException: timeout&#10;Build info: version: &apos;3.9.0&apos;, revision: &apos;698b3178f0&apos;, time: &apos;2018-02-05T14:26:55.441Z&apos;&#10;System info: host: &apos;DESKTOP-911GN6F&apos;, ip: &apos;192.168.56.1&apos;, os.name: &apos;Windows 10&apos;, os.arch: &apos;x86&apos;, os.version: &apos;10.0&apos;, java.version: &apos;1.8.0_271&apos;&#10;Driver info: driver.version: RemoteWebDriver" type="org.openqa.selenium.WebDriverException">org.openqa.selenium.WebDriverException: 
java.net.SocketTimeoutException: timeout
Build info: version: '3.9.0', revision: '698b3178f0', time: '2018-02-05T14:26:55.441Z'
System info: host: 'DESKTOP-911GN6F', ip: '192.168.56.1', os.name: 'Windows 10', os.arch: 'x86', os.version: '10.0', java.version: '1.8.0_271'
Driver info: driver.version: RemoteWebDriver
	at com.testing.TestFile.trashMail(TestFile.java:52)
Caused by: java.net.SocketTimeoutException: timeout
	at com.testing.TestFile.trashMail(TestFile.java:52)
Caused by: java.net.SocketTimeoutException: Read timed out
	at com.testing.TestFile.trashMail(TestFile.java:52)
</failure>
    <system-err><![CDATA[Jan 12, 2021 4:22:57 PM org.openqa.selenium.remote.DesiredCapabilities chrome
INFO: Using `new ChromeOptions()` is preferred to `DesiredCapabilities.chrome()`
Starting ChromeDriver 86.0.4240.22 (398b0743353ff36fb1b82468f63a3a93b4e2e89e-refs/branch-heads/4240@{#378}) on port 30734
Only local connections are allowed.
Please see https://chromedriver.chromium.org/security-considerations for suggestions on keeping ChromeDriver safe.
ChromeDriver was started successfully.
[1610486578.544][WARNING]: This version of ChromeDriver has not been tested with Chrome version 87.
Jan 12, 2021 4:23:00 PM org.openqa.selenium.remote.ProtocolHandshake createSession
INFO: Detected dialect: W3C
]]></system-err>
  </testcase>
</testsuite>