<?xml version="1.0" encoding="UTF-8"?>
<!-- Generated by org.testng.reporters.JUnitXMLReporter -->
<testsuite hostname="DESKTOP-911GN6F" name="Default test" tests="5" failures="0" timestamp="19 Jan 2021 20:44:34 GMT" time="94.401" errors="0">
  <testcase name="login" time="2.484" classname="com.testing.TestFile"/>
  <testcase name="login2" time="3.937" classname="com.testing.TestFile"/>
  <testcase name="mail" time="11.1" classname="com.testing.TestFile"/>
  <testcase name="trashMail" time="15.976" classname="com.testing.TestFile"/>
  <testcase name="ReadUnread" time="9.167" classname="com.testing.TestFile"/>
</testsuite> <!-- Default test -->
