<?xml version="1.0" encoding="UTF-8"?>
<testng-results skipped="0" failed="0" total="5" passed="5">
  <reporter-output>
  </reporter-output>
  <suite name="Default suite" duration-ms="94401" started-at="2021-01-19T20:42:59Z" finished-at="2021-01-19T20:44:34Z">
    <groups>
    </groups>
    <test name="Default test" duration-ms="94401" started-at="2021-01-19T20:42:59Z" finished-at="2021-01-19T20:44:34Z">
      <class name="com.testing.TestFile">
        <test-method status="PASS" signature="beforeMethod()[pri:0, instance:com.testing.TestFile@cb644e]" name="beforeMethod" is-config="true" duration-ms="10772" started-at="2021-01-19T15:42:59Z" finished-at="2021-01-19T15:43:10Z">
          <reporter-output>
          </reporter-output>
        </test-method> <!-- beforeMethod -->
        <test-method status="PASS" signature="login()[pri:1, instance:com.testing.TestFile@cb644e]" name="login" duration-ms="2484" started-at="2021-01-19T15:43:10Z" finished-at="2021-01-19T15:43:13Z">
          <reporter-output>
          </reporter-output>
        </test-method> <!-- login -->
        <test-method status="PASS" signature="afterMethod(org.testng.ITestResult)[pri:0, instance:com.testing.TestFile@cb644e]" name="afterMethod" is-config="true" duration-ms="652" started-at="2021-01-19T15:43:13Z" finished-at="2021-01-19T15:43:13Z">
          <params>
            <param index="0">
              <value>
                <![CDATA[[TestResult name=login status=SUCCESS method=TestFile.login()[pri:1, instance:com.testing.TestFile@cb644e] output={null}]]]>
              </value>
            </param>
          </params>
          <reporter-output>
          </reporter-output>
        </test-method> <!-- afterMethod -->
        <test-method status="PASS" signature="beforeMethod()[pri:0, instance:com.testing.TestFile@cb644e]" name="beforeMethod" is-config="true" duration-ms="9217" started-at="2021-01-19T15:43:13Z" finished-at="2021-01-19T15:43:23Z">
          <reporter-output>
          </reporter-output>
        </test-method> <!-- beforeMethod -->
        <test-method status="PASS" signature="login2()[pri:2, instance:com.testing.TestFile@cb644e]" name="login2" duration-ms="3937" started-at="2021-01-19T15:43:23Z" finished-at="2021-01-19T15:43:26Z">
          <reporter-output>
          </reporter-output>
        </test-method> <!-- login2 -->
        <test-method status="PASS" signature="afterMethod(org.testng.ITestResult)[pri:0, instance:com.testing.TestFile@cb644e]" name="afterMethod" is-config="true" duration-ms="702" started-at="2021-01-19T15:43:26Z" finished-at="2021-01-19T15:43:27Z">
          <params>
            <param index="0">
              <value>
                <![CDATA[[TestResult name=login2 status=SUCCESS method=TestFile.login2()[pri:2, instance:com.testing.TestFile@cb644e] output={null}]]]>
              </value>
            </param>
          </params>
          <reporter-output>
          </reporter-output>
        </test-method> <!-- afterMethod -->
        <test-method status="PASS" signature="beforeMethod()[pri:0, instance:com.testing.TestFile@cb644e]" name="beforeMethod" is-config="true" duration-ms="9054" started-at="2021-01-19T15:43:27Z" finished-at="2021-01-19T15:43:36Z">
          <reporter-output>
          </reporter-output>
        </test-method> <!-- beforeMethod -->
        <test-method status="PASS" signature="mail()[pri:3, instance:com.testing.TestFile@cb644e]" name="mail" duration-ms="11100" started-at="2021-01-19T15:43:36Z" finished-at="2021-01-19T15:43:47Z">
          <reporter-output>
          </reporter-output>
        </test-method> <!-- mail -->
        <test-method status="PASS" signature="afterMethod(org.testng.ITestResult)[pri:0, instance:com.testing.TestFile@cb644e]" name="afterMethod" is-config="true" duration-ms="728" started-at="2021-01-19T15:43:47Z" finished-at="2021-01-19T15:43:48Z">
          <params>
            <param index="0">
              <value>
                <![CDATA[[TestResult name=mail status=SUCCESS method=TestFile.mail()[pri:3, instance:com.testing.TestFile@cb644e] output={null}]]]>
              </value>
            </param>
          </params>
          <reporter-output>
          </reporter-output>
        </test-method> <!-- afterMethod -->
        <test-method status="PASS" signature="beforeMethod()[pri:0, instance:com.testing.TestFile@cb644e]" name="beforeMethod" is-config="true" duration-ms="9233" started-at="2021-01-19T15:43:48Z" finished-at="2021-01-19T15:43:57Z">
          <reporter-output>
          </reporter-output>
        </test-method> <!-- beforeMethod -->
        <test-method status="PASS" signature="trashMail()[pri:4, instance:com.testing.TestFile@cb644e]" name="trashMail" duration-ms="15976" started-at="2021-01-19T15:43:57Z" finished-at="2021-01-19T15:44:13Z">
          <reporter-output>
          </reporter-output>
        </test-method> <!-- trashMail -->
        <test-method status="PASS" signature="afterMethod(org.testng.ITestResult)[pri:0, instance:com.testing.TestFile@cb644e]" name="afterMethod" is-config="true" duration-ms="715" started-at="2021-01-19T15:44:13Z" finished-at="2021-01-19T15:44:14Z">
          <params>
            <param index="0">
              <value>
                <![CDATA[[TestResult name=trashMail status=SUCCESS method=TestFile.trashMail()[pri:4, instance:com.testing.TestFile@cb644e] output={null}]]]>
              </value>
            </param>
          </params>
          <reporter-output>
          </reporter-output>
        </test-method> <!-- afterMethod -->
        <test-method status="PASS" signature="beforeMethod()[pri:0, instance:com.testing.TestFile@cb644e]" name="beforeMethod" is-config="true" duration-ms="9758" started-at="2021-01-19T15:44:14Z" finished-at="2021-01-19T15:44:24Z">
          <reporter-output>
          </reporter-output>
        </test-method> <!-- beforeMethod -->
        <test-method status="PASS" signature="ReadUnread()[pri:5, instance:com.testing.TestFile@cb644e]" name="ReadUnread" duration-ms="9167" started-at="2021-01-19T15:44:24Z" finished-at="2021-01-19T15:44:33Z">
          <reporter-output>
          </reporter-output>
        </test-method> <!-- ReadUnread -->
        <test-method status="PASS" signature="afterMethod(org.testng.ITestResult)[pri:0, instance:com.testing.TestFile@cb644e]" name="afterMethod" is-config="true" duration-ms="872" started-at="2021-01-19T15:44:33Z" finished-at="2021-01-19T15:44:34Z">
          <params>
            <param index="0">
              <value>
                <![CDATA[[TestResult name=ReadUnread status=SUCCESS method=TestFile.ReadUnread()[pri:5, instance:com.testing.TestFile@cb644e] output={null}]]]>
              </value>
            </param>
          </params>
          <reporter-output>
          </reporter-output>
        </test-method> <!-- afterMethod -->
      </class> <!-- com.testing.TestFile -->
    </test> <!-- Default test -->
  </suite> <!-- Default suite -->
</testng-results>
